<?xml version="1.0" encoding="UTF-8"?>
<!-- Generated by org.testng.reporters.JUnitXMLReporter -->
<testsuite ignored="4" hostname="DESKTOP-U4D6HB2" failures="0" tests="1" name="TestTestNGRegularExpression" time="0.068" errors="0" timestamp="2022-03-26T08:56:45 IST">
  <testcase classname="testNGgrouping.TestNGRegularExpression" name="w15" time="0.011"/>
  <testcase classname="testNGgrouping.TestNGRegularExpression" name="w13" time="0.0">
    <ignored/>
  </testcase> <!-- w13 -->
  <testcase classname="testNGgrouping.TestNGRegularExpression" name="w11" time="0.0">
    <ignored/>
  </testcase> <!-- w11 -->
  <testcase classname="testNGgrouping.TestNGRegularExpression" name="w14" time="0.0">
    <ignored/>
  </testcase> <!-- w14 -->
  <testcase classname="testNGgrouping.TestNGRegularExpression" name="w12" time="0.0">
    <ignored/>
  </testcase> <!-- w12 -->
</testsuite> <!-- TestTestNGRegularExpression -->
