<?xml version="1.0" encoding="UTF-8"?>
<!-- Generated by org.testng.reporters.JUnitXMLReporter -->
<testsuite ignored="3" hostname="DESKTOP-U4D6HB2" failures="0" tests="2" name="TestTestNGgrouping1" time="0.097" errors="0" timestamp="2022-03-26T08:55:40 IST">
  <testcase classname="testNGgrouping.TestNGgrouping1" name="w11" time="0.013"/>
  <testcase classname="testNGgrouping.TestNGgrouping1" name="w12" time="0.003"/>
  <testcase classname="testNGgrouping.TestNGgrouping1" name="w15" time="0.0">
    <ignored/>
  </testcase> <!-- w15 -->
  <testcase classname="testNGgrouping.TestNGgrouping1" name="w14" time="0.0">
    <ignored/>
  </testcase> <!-- w14 -->
  <testcase classname="testNGgrouping.TestNGgrouping1" name="w13" time="0.0">
    <ignored/>
  </testcase> <!-- w13 -->
</testsuite> <!-- TestTestNGgrouping1 -->
