<?xml version="1.0" encoding="UTF-8"?>
<!-- Generated by org.testng.reporters.JUnitXMLReporter -->
<testsuite ignored="2" hostname="DESKTOP-U4D6HB2" failures="0" tests="3" name="TestTestNGMetaGrouping" time="0.089" errors="0" timestamp="2022-03-26T08:55:04 IST">
  <testcase classname="testNGgrouping.TestNGMetaGrouping" name="w11" time="0.011"/>
  <testcase classname="testNGgrouping.TestNGMetaGrouping" name="w12" time="0.002"/>
  <testcase classname="testNGgrouping.TestNGMetaGrouping" name="w15" time="0.003"/>
  <testcase classname="testNGgrouping.TestNGMetaGrouping" name="w14" time="0.0">
    <ignored/>
  </testcase> <!-- w14 -->
  <testcase classname="testNGgrouping.TestNGMetaGrouping" name="w13" time="0.0">
    <ignored/>
  </testcase> <!-- w13 -->
</testsuite> <!-- TestTestNGMetaGrouping -->
