<?xml version="1.0" encoding="UTF-8"?>
<!-- Generated by org.testng.reporters.JUnitXMLReporter -->
<testsuite ignored="2" hostname="DESKTOP-U4D6HB2" failures="3" tests="51" name="TestTestNGTotalPackage" time="11.354" errors="0" timestamp="2022-03-25T23:54:05 IST">
  <testcase classname="testNGPracice.ActitimePOMPFTestClassWithTestNGAnnotation" name="avrifyLogo" time="1.105"/>
  <testcase classname="testNGPracice.ActitimePOMPFTestClassWithTestNGAnnotation" name="bclickTask" time="1.497"/>
  <testcase classname="testNGPracice.Keyword4enabled" name="pu1" time="0.002"/>
  <testcase classname="testNGPracice.Keyword4enabled" name="pu3" time="0.001"/>
  <testcase classname="testNGPracice.Keyword4enabled" name="pu4" time="0.002"/>
  <testcase classname="testNGPracice.Keyword4enabled" name="pu5" time="0.003"/>
  <testcase classname="testNGPracice.TestSuite1" name="t1" time="0.002"/>
  <testcase classname="testNGPracice.TestSuite1" name="t2" time="0.005">
    <failure type="java.lang.AssertionError">
      <![CDATA[java.lang.AssertionError
at org.junit.Assert.fail(Assert.java:86)
at org.junit.Assert.fail(Assert.java:95)
at testNGPracice.TestSuite1.t2(TestSuite1.java:20)
at java.base/java.util.ArrayList.forEach(ArrayList.java:1511)
... Removed 27 stack frames]]>
    </failure>
  </testcase> <!-- t2 -->
  <testcase classname="testNGPracice.TestSuite1" name="t3" time="0.005">
    <failure type="java.lang.AssertionError">
      <![CDATA[java.lang.AssertionError
at org.junit.Assert.fail(Assert.java:86)
at org.junit.Assert.fail(Assert.java:95)
at testNGPracice.TestSuite1.t3(TestSuite1.java:26)
at java.base/java.util.ArrayList.forEach(ArrayList.java:1511)
... Removed 27 stack frames]]>
    </failure>
  </testcase> <!-- t3 -->
  <testcase classname="testNGPracice.TestSuite1" name="t4" time="0.002">
    <failure type="java.lang.AssertionError">
      <![CDATA[java.lang.AssertionError
at org.junit.Assert.fail(Assert.java:86)
at org.junit.Assert.fail(Assert.java:95)
at testNGPracice.TestSuite1.t4(TestSuite1.java:32)
at java.base/java.util.ArrayList.forEach(ArrayList.java:1511)
... Removed 27 stack frames]]>
    </failure>
  </testcase> <!-- t4 -->
  <testcase classname="testNGPracice.TestSuite1" name="t5" time="0.001"/>
  <testcase classname="testNGPracice.TestSuite1" name="t6" time="0.004"/>
  <testcase classname="testNGPracice.TestSuite1" name="t7" time="0.002"/>
  <testcase classname="testNGPracice.TestSuite1" name="t8" time="0.003"/>
  <testcase classname="testNGPracice.TestSuite1" name="t9" time="0.002"/>
  <testcase classname="testNGPracice.Keyword3invocationCount" name="pu1" time="0.001"/>
  <testcase classname="testNGPracice.Keyword3invocationCount" name="pu1" time="0.002"/>
  <testcase classname="testNGPracice.Keyword3invocationCount" name="pu1" time="0.003"/>
  <testcase classname="testNGPracice.Keyword3invocationCount" name="pu1" time="0.001"/>
  <testcase classname="testNGPracice.Keyword3invocationCount" name="pu1" time="0.001"/>
  <testcase classname="testNGPracice.Keyword3invocationCount" name="pu1" time="0.002"/>
  <testcase classname="testNGPracice.Keyword3invocationCount" name="pu1" time="0.007"/>
  <testcase classname="testNGPracice.Keyword3invocationCount" name="pu1" time="0.001"/>
  <testcase classname="testNGPracice.Keyword3invocationCount" name="pu1" time="0.006"/>
  <testcase classname="testNGPracice.Keyword3invocationCount" name="pu1" time="0.004"/>
  <testcase classname="testNGPracice.Keyword3invocationCount" name="pu3" time="0.001"/>
  <testcase classname="testNGPracice.Keyword3invocationCount" name="pu4" time="0.003"/>
  <testcase classname="testNGPracice.Keyword3invocationCount" name="pu5" time="0.002"/>
  <testcase classname="testNGPracice.TestClass" name="exam1" time="0.002"/>
  <testcase classname="testNGPracice.TestClass" name="exam2" time="0.003"/>
  <testcase classname="testNGPracice.Keyword2Priority" name="abc" time="0.002"/>
  <testcase classname="testNGPracice.Keyword2Priority" name="def" time="0.001"/>
  <testcase classname="testNGPracice.Keyword2Priority" name="mno" time="0.002"/>
  <testcase classname="testNGPracice.Keyword2Priority" name="pqr" time="0.003"/>
  <testcase classname="testNGPracice.Keyword2Priority" name="xyz" time="0.001"/>
  <testcase classname="testNGPracice.Annotation" name="test1" time="0.015"/>
  <testcase classname="testNGPracice.Annotation" name="test2" time="0.001"/>
  <testcase classname="testNGPracice.TestSuite2" name="r11" time="0.003"/>
  <testcase classname="testNGPracice.TestSuite2" name="r12" time="0.002"/>
  <testcase classname="testNGPracice.TestSuite2" name="r13" time="0.002"/>
  <testcase classname="testNGPracice.TestSuite2" name="r14" time="0.003"/>
  <testcase classname="testNGPracice.TestSuite2" name="r15" time="0.007"/>
  <testcase classname="testNGPracice.TestSuite2" name="r16" time="0.007"/>
  <testcase classname="testNGPracice.TestSuite2" name="r17" time="0.002"/>
  <testcase classname="testNGPracice.TestSuite2" name="r18" time="0.004"/>
  <testcase classname="testNGPracice.TestSuite2" name="r19" time="0.002"/>
  <testcase classname="testNGPracice.Keyword2" name="mno" time="0.001"/>
  <testcase classname="testNGPracice.Keyword2" name="pqr" time="0.001"/>
  <testcase classname="testNGPracice.Keyword2" name="xyz" time="0.001"/>
  <testcase classname="testNGPracice.Keyword2" name="abc" time="0.002"/>
  <testcase classname="testNGPracice.Keyword2" name="def" time="0.001"/>
  <testcase classname="testNGPracice.Keyword3invocationCount" name="pu2" time="0.0">
    <ignored/>
  </testcase> <!-- pu2 -->
  <testcase classname="testNGPracice.Keyword4enabled" name="pu2" time="0.0">
    <ignored/>
  </testcase> <!-- pu2 -->
</testsuite> <!-- TestTestNGTotalPackage -->
