<?xml version="1.0" encoding="UTF-8"?>
<!-- Generated by org.testng.reporters.JUnitXMLReporter -->
<testsuite ignored="0" hostname="DESKTOP-U4D6HB2" failures="0" tests="9" name="TestTestSuite1" time="0.117" errors="0" timestamp="2022-03-25T23:32:58 IST">
  <testcase classname="testNGPracice.TestSuite1" name="t1" time="0.012"/>
  <testcase classname="testNGPracice.TestSuite1" name="t2" time="0.003"/>
  <testcase classname="testNGPracice.TestSuite1" name="t3" time="0.005"/>
  <testcase classname="testNGPracice.TestSuite1" name="t4" time="0.002"/>
  <testcase classname="testNGPracice.TestSuite1" name="t5" time="0.003"/>
  <testcase classname="testNGPracice.TestSuite1" name="t6" time="0.003"/>
  <testcase classname="testNGPracice.TestSuite1" name="t7" time="0.001"/>
  <testcase classname="testNGPracice.TestSuite1" name="t8" time="0.002"/>
  <testcase classname="testNGPracice.TestSuite1" name="t9" time="0.0"/>
</testsuite> <!-- TestTestSuite1 -->
